<?xml version="1.0" encoding="UTF-8"?>
<!-- Generated by org.testng.reporters.JUnitReportReporter -->
<testsuite hostname="OMAR-ABU-SNINEH" failures="0" tests="6" name="MagentoTest.MagentoAutomationTest" time="108.047" errors="0" timestamp="2024-08-12T20:22:08 EET" skipped="0">
  <testcase classname="MagentoTest.MagentoAutomationTest" name="createAnAccount" time="8.417"/>
  <system-out/>
  <testcase classname="MagentoTest.MagentoAutomationTest" name="logout" time="1.297"/>
  <system-out/>
  <testcase classname="MagentoTest.MagentoAutomationTest" name="login" time="5.432"/>
  <system-out/>
  <testcase classname="MagentoTest.MagentoAutomationTest" name="addAllWomenItemsCard" time="28.440"/>
  <system-out/>
  <testcase classname="MagentoTest.MagentoAutomationTest" name="addAllMenItemsCard" time="33.696"/>
  <system-out/>
  <testcase classname="MagentoTest.MagentoAutomationTest" name="addAllGearItemsCard" time="30.765"/>
  <system-out/>
</testsuite> <!-- MagentoTest.MagentoAutomationTest -->
