<?xml version="1.0" encoding="UTF-8"?>
<!-- Generated by org.testng.reporters.JUnitReportReporter -->
<testsuite hostname="OMAR-ABU-SNINEH" failures="0" tests="7" name="MagentoTest.MagentoAutomationTest" time="196.259" errors="0" timestamp="2024-08-13T17:46:09 EET" skipped="0">
  <testcase classname="MagentoTest.MagentoAutomationTest" name="createAnAccount" time="20.999"/>
  <system-out/>
  <testcase classname="MagentoTest.MagentoAutomationTest" name="logout" time="1.247"/>
  <system-out/>
  <testcase classname="MagentoTest.MagentoAutomationTest" name="login" time="13.370"/>
  <system-out/>
  <testcase classname="MagentoTest.MagentoAutomationTest" name="addAllWomenItemsCard" time="48.370"/>
  <system-out/>
  <testcase classname="MagentoTest.MagentoAutomationTest" name="addAllMenItemsCard" time="74.426"/>
  <system-out/>
  <testcase classname="MagentoTest.MagentoAutomationTest" name="addAllGearItemsCard" time="26.971"/>
  <system-out/>
  <testcase classname="MagentoTest.MagentoAutomationTest" name="reviewSomeRandomItem" time="10.876"/>
  <system-out/>
</testsuite> <!-- MagentoTest.MagentoAutomationTest -->
