<?xml version="1.0" encoding="UTF-8"?>
<!-- Generated by org.testng.reporters.JUnitReportReporter -->
<testsuite hostname="OMAR-ABU-SNINEH" failures="0" tests="6" name="MagentoTest.MagentoAutomationTest" time="90.997" errors="0" timestamp="2024-08-12T17:29:34 EET" skipped="0">
  <testcase classname="MagentoTest.MagentoAutomationTest" name="createAnAccount" time="5.456"/>
  <system-out/>
  <testcase classname="MagentoTest.MagentoAutomationTest" name="logout" time="1.413"/>
  <system-out/>
  <testcase classname="MagentoTest.MagentoAutomationTest" name="login" time="4.354"/>
  <system-out/>
  <testcase classname="MagentoTest.MagentoAutomationTest" name="addAllWomenItemsCard" time="26.897"/>
  <system-out/>
  <testcase classname="MagentoTest.MagentoAutomationTest" name="addAllMenItemsCard" time="26.009"/>
  <system-out/>
  <testcase classname="MagentoTest.MagentoAutomationTest" name="addAllGearItemsCard" time="26.868"/>
  <system-out/>
</testsuite> <!-- MagentoTest.MagentoAutomationTest -->
