<?xml version="1.0" encoding="UTF-8"?>
<!-- Generated by org.testng.reporters.JUnitReportReporter -->
<testsuite hostname="OMAR-ABU-SNINEH" failures="0" tests="7" name="MagentoTest.MagentoAutomationTest" time="117.704" errors="0" timestamp="2024-08-13T14:35:05 EET" skipped="0">
  <testcase classname="MagentoTest.MagentoAutomationTest" name="createAnAccount" time="8.015"/>
  <system-out/>
  <testcase classname="MagentoTest.MagentoAutomationTest" name="logout" time="2.533"/>
  <system-out/>
  <testcase classname="MagentoTest.MagentoAutomationTest" name="login" time="5.291"/>
  <system-out/>
  <testcase classname="MagentoTest.MagentoAutomationTest" name="addAllWomenItemsCard" time="27.178"/>
  <system-out/>
  <testcase classname="MagentoTest.MagentoAutomationTest" name="addAllMenItemsCard" time="30.829"/>
  <system-out/>
  <testcase classname="MagentoTest.MagentoAutomationTest" name="addAllGearItemsCard" time="32.218"/>
  <system-out/>
  <testcase classname="MagentoTest.MagentoAutomationTest" name="reviewSomeRandomItem" time="11.640"/>
  <system-out/>
</testsuite> <!-- MagentoTest.MagentoAutomationTest -->
